<?xml version="1.0" encoding="UTF-8"?>
<testsuite xmlns:xsi="http://www.w3.org/2001/XMLSchema-instance" xsi:noNamespaceSchemaLocation="https://maven.apache.org/surefire/maven-surefire-plugin/xsd/surefire-test-report-3.0.xsd" version="3.0" name="cn.tjh666.httpframework.HttpServerTest" time="7.198" tests="7" errors="0" skipped="0" failures="0">
  <properties>
    <property name="socksProxyHost" value="127.0.0.1"/>
    <property name="http.proxyHost" value="127.0.0.1"/>
    <property name="java.specification.version" value="23"/>
    <property name="sun.jnu.encoding" value="UTF-8"/>
    <property name="java.class.path" value="/Users/jahangir/workspace/httpFrameworkByNetty/target/test-classes:/Users/jahangir/workspace/httpFrameworkByNetty/target/classes:/Users/jahangir/.m2/repository/io/netty/netty-all/4.1.121.Final/netty-all-4.1.121.Final.jar:/Users/jahangir/.m2/repository/io/netty/netty-buffer/4.1.121.Final/netty-buffer-4.1.121.Final.jar:/Users/jahangir/.m2/repository/io/netty/netty-codec/4.1.121.Final/netty-codec-4.1.121.Final.jar:/Users/jahangir/.m2/repository/io/netty/netty-codec-dns/4.1.121.Final/netty-codec-dns-4.1.121.Final.jar:/Users/jahangir/.m2/repository/io/netty/netty-codec-haproxy/4.1.121.Final/netty-codec-haproxy-4.1.121.Final.jar:/Users/jahangir/.m2/repository/io/netty/netty-codec-http/4.1.121.Final/netty-codec-http-4.1.121.Final.jar:/Users/jahangir/.m2/repository/io/netty/netty-codec-http2/4.1.121.Final/netty-codec-http2-4.1.121.Final.jar:/Users/jahangir/.m2/repository/io/netty/netty-codec-memcache/4.1.121.Final/netty-codec-memcache-4.1.121.Final.jar:/Users/jahangir/.m2/repository/io/netty/netty-codec-mqtt/4.1.121.Final/netty-codec-mqtt-4.1.121.Final.jar:/Users/jahangir/.m2/repository/io/netty/netty-codec-redis/4.1.121.Final/netty-codec-redis-4.1.121.Final.jar:/Users/jahangir/.m2/repository/io/netty/netty-codec-smtp/4.1.121.Final/netty-codec-smtp-4.1.121.Final.jar:/Users/jahangir/.m2/repository/io/netty/netty-codec-socks/4.1.121.Final/netty-codec-socks-4.1.121.Final.jar:/Users/jahangir/.m2/repository/io/netty/netty-codec-stomp/4.1.121.Final/netty-codec-stomp-4.1.121.Final.jar:/Users/jahangir/.m2/repository/io/netty/netty-codec-xml/4.1.121.Final/netty-codec-xml-4.1.121.Final.jar:/Users/jahangir/.m2/repository/io/netty/netty-common/4.1.121.Final/netty-common-4.1.121.Final.jar:/Users/jahangir/.m2/repository/io/netty/netty-handler/4.1.121.Final/netty-handler-4.1.121.Final.jar:/Users/jahangir/.m2/repository/io/netty/netty-transport-native-unix-common/4.1.121.Final/netty-transport-native-unix-common-4.1.121.Final.jar:/Users/jahangir/.m2/repository/io/netty/netty-handler-proxy/4.1.121.Final/netty-handler-proxy-4.1.121.Final.jar:/Users/jahangir/.m2/repository/io/netty/netty-handler-ssl-ocsp/4.1.121.Final/netty-handler-ssl-ocsp-4.1.121.Final.jar:/Users/jahangir/.m2/repository/io/netty/netty-resolver/4.1.121.Final/netty-resolver-4.1.121.Final.jar:/Users/jahangir/.m2/repository/io/netty/netty-resolver-dns/4.1.121.Final/netty-resolver-dns-4.1.121.Final.jar:/Users/jahangir/.m2/repository/io/netty/netty-transport/4.1.121.Final/netty-transport-4.1.121.Final.jar:/Users/jahangir/.m2/repository/io/netty/netty-transport-rxtx/4.1.121.Final/netty-transport-rxtx-4.1.121.Final.jar:/Users/jahangir/.m2/repository/io/netty/netty-transport-sctp/4.1.121.Final/netty-transport-sctp-4.1.121.Final.jar:/Users/jahangir/.m2/repository/io/netty/netty-transport-udt/4.1.121.Final/netty-transport-udt-4.1.121.Final.jar:/Users/jahangir/.m2/repository/io/netty/netty-transport-classes-epoll/4.1.121.Final/netty-transport-classes-epoll-4.1.121.Final.jar:/Users/jahangir/.m2/repository/io/netty/netty-transport-classes-kqueue/4.1.121.Final/netty-transport-classes-kqueue-4.1.121.Final.jar:/Users/jahangir/.m2/repository/io/netty/netty-resolver-dns-classes-macos/4.1.121.Final/netty-resolver-dns-classes-macos-4.1.121.Final.jar:/Users/jahangir/.m2/repository/io/netty/netty-transport-native-epoll/4.1.121.Final/netty-transport-native-epoll-4.1.121.Final-linux-x86_64.jar:/Users/jahangir/.m2/repository/io/netty/netty-transport-native-epoll/4.1.121.Final/netty-transport-native-epoll-4.1.121.Final-linux-aarch_64.jar:/Users/jahangir/.m2/repository/io/netty/netty-transport-native-epoll/4.1.121.Final/netty-transport-native-epoll-4.1.121.Final-linux-riscv64.jar:/Users/jahangir/.m2/repository/io/netty/netty-transport-native-kqueue/4.1.121.Final/netty-transport-native-kqueue-4.1.121.Final-osx-x86_64.jar:/Users/jahangir/.m2/repository/io/netty/netty-transport-native-kqueue/4.1.121.Final/netty-transport-native-kqueue-4.1.121.Final-osx-aarch_64.jar:/Users/jahangir/.m2/repository/io/netty/netty-resolver-dns-native-macos/4.1.121.Final/netty-resolver-dns-native-macos-4.1.121.Final-osx-x86_64.jar:/Users/jahangir/.m2/repository/io/netty/netty-resolver-dns-native-macos/4.1.121.Final/netty-resolver-dns-native-macos-4.1.121.Final-osx-aarch_64.jar:/Users/jahangir/.m2/repository/com/fasterxml/jackson/core/jackson-databind/2.15.2/jackson-databind-2.15.2.jar:/Users/jahangir/.m2/repository/com/fasterxml/jackson/core/jackson-annotations/2.15.2/jackson-annotations-2.15.2.jar:/Users/jahangir/.m2/repository/com/fasterxml/jackson/core/jackson-core/2.15.2/jackson-core-2.15.2.jar:/Users/jahangir/.m2/repository/org/junit/jupiter/junit-jupiter/5.9.2/junit-jupiter-5.9.2.jar:/Users/jahangir/.m2/repository/org/junit/jupiter/junit-jupiter-api/5.9.2/junit-jupiter-api-5.9.2.jar:/Users/jahangir/.m2/repository/org/opentest4j/opentest4j/1.2.0/opentest4j-1.2.0.jar:/Users/jahangir/.m2/repository/org/junit/platform/junit-platform-commons/1.9.2/junit-platform-commons-1.9.2.jar:/Users/jahangir/.m2/repository/org/apiguardian/apiguardian-api/1.1.2/apiguardian-api-1.1.2.jar:/Users/jahangir/.m2/repository/org/junit/jupiter/junit-jupiter-params/5.9.2/junit-jupiter-params-5.9.2.jar:/Users/jahangir/.m2/repository/org/junit/jupiter/junit-jupiter-engine/5.9.2/junit-jupiter-engine-5.9.2.jar:/Users/jahangir/.m2/repository/org/junit/platform/junit-platform-engine/1.9.2/junit-platform-engine-1.9.2.jar:"/>
    <property name="https.proxyPort" value="7890"/>
    <property name="java.vm.vendor" value="Homebrew"/>
    <property name="sun.arch.data.model" value="64"/>
    <property name="java.vendor.url" value="https://github.com/Homebrew/homebrew-core/issues"/>
    <property name="user.timezone" value="Asia/Shanghai"/>
    <property name="os.name" value="Mac OS X"/>
    <property name="java.vm.specification.version" value="23"/>
    <property name="sun.java.launcher" value="SUN_STANDARD"/>
    <property name="user.country" value="CN"/>
    <property name="sun.boot.library.path" value="/opt/homebrew/Cellar/openjdk/23.0.2/libexec/openjdk.jdk/Contents/Home/lib"/>
    <property name="sun.java.command" value="/Users/jahangir/workspace/httpFrameworkByNetty/target/surefire/surefirebooter-20250805234216847_3.jar /Users/jahangir/workspace/httpFrameworkByNetty/target/surefire 2025-08-05T23-42-16_721-jvmRun1 surefire-20250805234216847_1tmp surefire_0-20250805234216847_2tmp"/>
    <property name="http.nonProxyHosts" value="192.168.0.0/16|*.192.168.0.0/16|10.0.0.0/8|*.10.0.0.0/8|172.16.0.0/12|*.172.16.0.0/12|127.0.0.1|localhost|*.localhost|local|*.local|timestamp.apple.com|*.timestamp.apple.com|sequoia.apple.com|*.sequoia.apple.com|seed-sequoia.siri.apple.com|*.seed-sequoia.siri.apple.com"/>
    <property name="jdk.debug" value="release"/>
    <property name="surefire.test.class.path" value="/Users/jahangir/workspace/httpFrameworkByNetty/target/test-classes:/Users/jahangir/workspace/httpFrameworkByNetty/target/classes:/Users/jahangir/.m2/repository/io/netty/netty-all/4.1.121.Final/netty-all-4.1.121.Final.jar:/Users/jahangir/.m2/repository/io/netty/netty-buffer/4.1.121.Final/netty-buffer-4.1.121.Final.jar:/Users/jahangir/.m2/repository/io/netty/netty-codec/4.1.121.Final/netty-codec-4.1.121.Final.jar:/Users/jahangir/.m2/repository/io/netty/netty-codec-dns/4.1.121.Final/netty-codec-dns-4.1.121.Final.jar:/Users/jahangir/.m2/repository/io/netty/netty-codec-haproxy/4.1.121.Final/netty-codec-haproxy-4.1.121.Final.jar:/Users/jahangir/.m2/repository/io/netty/netty-codec-http/4.1.121.Final/netty-codec-http-4.1.121.Final.jar:/Users/jahangir/.m2/repository/io/netty/netty-codec-http2/4.1.121.Final/netty-codec-http2-4.1.121.Final.jar:/Users/jahangir/.m2/repository/io/netty/netty-codec-memcache/4.1.121.Final/netty-codec-memcache-4.1.121.Final.jar:/Users/jahangir/.m2/repository/io/netty/netty-codec-mqtt/4.1.121.Final/netty-codec-mqtt-4.1.121.Final.jar:/Users/jahangir/.m2/repository/io/netty/netty-codec-redis/4.1.121.Final/netty-codec-redis-4.1.121.Final.jar:/Users/jahangir/.m2/repository/io/netty/netty-codec-smtp/4.1.121.Final/netty-codec-smtp-4.1.121.Final.jar:/Users/jahangir/.m2/repository/io/netty/netty-codec-socks/4.1.121.Final/netty-codec-socks-4.1.121.Final.jar:/Users/jahangir/.m2/repository/io/netty/netty-codec-stomp/4.1.121.Final/netty-codec-stomp-4.1.121.Final.jar:/Users/jahangir/.m2/repository/io/netty/netty-codec-xml/4.1.121.Final/netty-codec-xml-4.1.121.Final.jar:/Users/jahangir/.m2/repository/io/netty/netty-common/4.1.121.Final/netty-common-4.1.121.Final.jar:/Users/jahangir/.m2/repository/io/netty/netty-handler/4.1.121.Final/netty-handler-4.1.121.Final.jar:/Users/jahangir/.m2/repository/io/netty/netty-transport-native-unix-common/4.1.121.Final/netty-transport-native-unix-common-4.1.121.Final.jar:/Users/jahangir/.m2/repository/io/netty/netty-handler-proxy/4.1.121.Final/netty-handler-proxy-4.1.121.Final.jar:/Users/jahangir/.m2/repository/io/netty/netty-handler-ssl-ocsp/4.1.121.Final/netty-handler-ssl-ocsp-4.1.121.Final.jar:/Users/jahangir/.m2/repository/io/netty/netty-resolver/4.1.121.Final/netty-resolver-4.1.121.Final.jar:/Users/jahangir/.m2/repository/io/netty/netty-resolver-dns/4.1.121.Final/netty-resolver-dns-4.1.121.Final.jar:/Users/jahangir/.m2/repository/io/netty/netty-transport/4.1.121.Final/netty-transport-4.1.121.Final.jar:/Users/jahangir/.m2/repository/io/netty/netty-transport-rxtx/4.1.121.Final/netty-transport-rxtx-4.1.121.Final.jar:/Users/jahangir/.m2/repository/io/netty/netty-transport-sctp/4.1.121.Final/netty-transport-sctp-4.1.121.Final.jar:/Users/jahangir/.m2/repository/io/netty/netty-transport-udt/4.1.121.Final/netty-transport-udt-4.1.121.Final.jar:/Users/jahangir/.m2/repository/io/netty/netty-transport-classes-epoll/4.1.121.Final/netty-transport-classes-epoll-4.1.121.Final.jar:/Users/jahangir/.m2/repository/io/netty/netty-transport-classes-kqueue/4.1.121.Final/netty-transport-classes-kqueue-4.1.121.Final.jar:/Users/jahangir/.m2/repository/io/netty/netty-resolver-dns-classes-macos/4.1.121.Final/netty-resolver-dns-classes-macos-4.1.121.Final.jar:/Users/jahangir/.m2/repository/io/netty/netty-transport-native-epoll/4.1.121.Final/netty-transport-native-epoll-4.1.121.Final-linux-x86_64.jar:/Users/jahangir/.m2/repository/io/netty/netty-transport-native-epoll/4.1.121.Final/netty-transport-native-epoll-4.1.121.Final-linux-aarch_64.jar:/Users/jahangir/.m2/repository/io/netty/netty-transport-native-epoll/4.1.121.Final/netty-transport-native-epoll-4.1.121.Final-linux-riscv64.jar:/Users/jahangir/.m2/repository/io/netty/netty-transport-native-kqueue/4.1.121.Final/netty-transport-native-kqueue-4.1.121.Final-osx-x86_64.jar:/Users/jahangir/.m2/repository/io/netty/netty-transport-native-kqueue/4.1.121.Final/netty-transport-native-kqueue-4.1.121.Final-osx-aarch_64.jar:/Users/jahangir/.m2/repository/io/netty/netty-resolver-dns-native-macos/4.1.121.Final/netty-resolver-dns-native-macos-4.1.121.Final-osx-x86_64.jar:/Users/jahangir/.m2/repository/io/netty/netty-resolver-dns-native-macos/4.1.121.Final/netty-resolver-dns-native-macos-4.1.121.Final-osx-aarch_64.jar:/Users/jahangir/.m2/repository/com/fasterxml/jackson/core/jackson-databind/2.15.2/jackson-databind-2.15.2.jar:/Users/jahangir/.m2/repository/com/fasterxml/jackson/core/jackson-annotations/2.15.2/jackson-annotations-2.15.2.jar:/Users/jahangir/.m2/repository/com/fasterxml/jackson/core/jackson-core/2.15.2/jackson-core-2.15.2.jar:/Users/jahangir/.m2/repository/org/junit/jupiter/junit-jupiter/5.9.2/junit-jupiter-5.9.2.jar:/Users/jahangir/.m2/repository/org/junit/jupiter/junit-jupiter-api/5.9.2/junit-jupiter-api-5.9.2.jar:/Users/jahangir/.m2/repository/org/opentest4j/opentest4j/1.2.0/opentest4j-1.2.0.jar:/Users/jahangir/.m2/repository/org/junit/platform/junit-platform-commons/1.9.2/junit-platform-commons-1.9.2.jar:/Users/jahangir/.m2/repository/org/apiguardian/apiguardian-api/1.1.2/apiguardian-api-1.1.2.jar:/Users/jahangir/.m2/repository/org/junit/jupiter/junit-jupiter-params/5.9.2/junit-jupiter-params-5.9.2.jar:/Users/jahangir/.m2/repository/org/junit/jupiter/junit-jupiter-engine/5.9.2/junit-jupiter-engine-5.9.2.jar:/Users/jahangir/.m2/repository/org/junit/platform/junit-platform-engine/1.9.2/junit-platform-engine-1.9.2.jar:"/>
    <property name="sun.cpu.endian" value="little"/>
    <property name="user.home" value="/Users/jahangir"/>
    <property name="user.language" value="zh"/>
    <property name="java.specification.vendor" value="Oracle Corporation"/>
    <property name="java.version.date" value="2025-01-21"/>
    <property name="java.home" value="/opt/homebrew/Cellar/openjdk/23.0.2/libexec/openjdk.jdk/Contents/Home"/>
    <property name="file.separator" value="/"/>
    <property name="https.proxyHost" value="127.0.0.1"/>
    <property name="basedir" value="/Users/jahangir/workspace/httpFrameworkByNetty"/>
    <property name="java.vm.compressedOopsMode" value="Zero based"/>
    <property name="line.separator" value="&#10;"/>
    <property name="java.vm.specification.vendor" value="Oracle Corporation"/>
    <property name="java.specification.name" value="Java Platform API Specification"/>
    <property name="apple.awt.application.name" value="ForkedBooter"/>
    <property name="surefire.real.class.path" value="/Users/jahangir/workspace/httpFrameworkByNetty/target/surefire/surefirebooter-20250805234216847_3.jar"/>
    <property name="user.script" value="Hans"/>
    <property name="sun.management.compiler" value="HotSpot 64-Bit Tiered Compilers"/>
    <property name="ftp.nonProxyHosts" value="192.168.0.0/16|*.192.168.0.0/16|10.0.0.0/8|*.10.0.0.0/8|172.16.0.0/12|*.172.16.0.0/12|127.0.0.1|localhost|*.localhost|local|*.local|timestamp.apple.com|*.timestamp.apple.com|sequoia.apple.com|*.sequoia.apple.com|seed-sequoia.siri.apple.com|*.seed-sequoia.siri.apple.com"/>
    <property name="java.runtime.version" value="23.0.2"/>
    <property name="user.name" value="jahangir"/>
    <property name="stdout.encoding" value="UTF-8"/>
    <property name="path.separator" value=":"/>
    <property name="os.version" value="26.0"/>
    <property name="java.runtime.name" value="OpenJDK Runtime Environment"/>
    <property name="file.encoding" value="UTF-8"/>
    <property name="java.vm.name" value="OpenJDK 64-Bit Server VM"/>
    <property name="java.vendor.version" value="Homebrew"/>
    <property name="localRepository" value="/Users/jahangir/.m2/repository"/>
    <property name="java.vendor.url.bug" value="https://github.com/Homebrew/homebrew-core/issues"/>
    <property name="java.io.tmpdir" value="/var/folders/8z/8pzhspqd69q5v93n080c563w0000gn/T/"/>
    <property name="java.version" value="23.0.2"/>
    <property name="user.dir" value="/Users/jahangir/workspace/httpFrameworkByNetty"/>
    <property name="os.arch" value="aarch64"/>
    <property name="socksProxyPort" value="7890"/>
    <property name="java.vm.specification.name" value="Java Virtual Machine Specification"/>
    <property name="native.encoding" value="UTF-8"/>
    <property name="java.library.path" value="/Users/jahangir/Library/Java/Extensions:/Library/Java/Extensions:/Network/Library/Java/Extensions:/System/Library/Java/Extensions:/usr/lib/java:."/>
    <property name="java.vm.info" value="mixed mode, sharing"/>
    <property name="stderr.encoding" value="UTF-8"/>
    <property name="java.vendor" value="Homebrew"/>
    <property name="java.vm.version" value="23.0.2"/>
    <property name="sun.io.unicode.encoding" value="UnicodeBig"/>
    <property name="socksNonProxyHosts" value="192.168.0.0/16|*.192.168.0.0/16|10.0.0.0/8|*.10.0.0.0/8|172.16.0.0/12|*.172.16.0.0/12|127.0.0.1|localhost|*.localhost|local|*.local|timestamp.apple.com|*.timestamp.apple.com|sequoia.apple.com|*.sequoia.apple.com|seed-sequoia.siri.apple.com|*.seed-sequoia.siri.apple.com"/>
    <property name="java.class.version" value="67.0"/>
    <property name="http.proxyPort" value="7890"/>
  </properties>
  <testcase name="testNotFoundRequest" classname="cn.tjh666.httpframework.HttpServerTest" time="1.103">
    <system-out><![CDATA[HTTP Server starting on port 18080
Registered routes:
  GET /test/hello
  POST /test/users
  GET /test/users/{id}
  GET /test/custom
  GET /test/error
  GET /test/search
]]></system-out>
  </testcase>
  <testcase name="testQueryParameterRequest" classname="cn.tjh666.httpframework.HttpServerTest" time="1.008">
    <system-out><![CDATA[HTTP Server starting on port 18080
Registered routes:
  GET /test/hello
  POST /test/users
  GET /test/users/{id}
  GET /test/custom
  GET /test/error
  GET /test/search
]]></system-out>
  </testcase>
  <testcase name="testCustomResponse" classname="cn.tjh666.httpframework.HttpServerTest" time="1.014">
    <system-out><![CDATA[HTTP Server starting on port 18080
Registered routes:
  GET /test/hello
  POST /test/users
  GET /test/users/{id}
  GET /test/custom
  GET /test/error
  GET /test/search
]]></system-out>
  </testcase>
  <testcase name="testPostRequest" classname="cn.tjh666.httpframework.HttpServerTest" time="1.015">
    <system-out><![CDATA[HTTP Server starting on port 18080
Registered routes:
  GET /test/hello
  POST /test/users
  GET /test/users/{id}
  GET /test/custom
  GET /test/error
  GET /test/search
]]></system-out>
  </testcase>
  <testcase name="testPathParameterRequest" classname="cn.tjh666.httpframework.HttpServerTest" time="1.019">
    <system-out><![CDATA[HTTP Server starting on port 18080
Registered routes:
  GET /test/hello
  POST /test/users
  GET /test/users/{id}
  GET /test/custom
  GET /test/error
  GET /test/search
]]></system-out>
  </testcase>
  <testcase name="testSimpleGetRequest" classname="cn.tjh666.httpframework.HttpServerTest" time="1.026">
    <system-out><![CDATA[HTTP Server starting on port 18080
Registered routes:
  GET /test/hello
  POST /test/users
  GET /test/users/{id}
  GET /test/custom
  GET /test/error
  GET /test/search
]]></system-out>
  </testcase>
  <testcase name="testExceptionHandling" classname="cn.tjh666.httpframework.HttpServerTest" time="1.009">
    <system-out><![CDATA[HTTP Server starting on port 18080
Registered routes:
  GET /test/hello
  POST /test/users
  GET /test/users/{id}
  GET /test/custom
  GET /test/error
  GET /test/search
]]></system-out>
  </testcase>
</testsuite>